


ARM Macro Assembler    Page 1 


    1 00000000         ; Print.s
    2 00000000         ; Student names: change this to your names or look very 
                       silly
    3 00000000         ; Last modification date: change this to the last modifi
                       cation date or look very silly
    4 00000000         ; Runs on LM4F120 or TM4C123
    5 00000000         ; EE319K lab 7 device driver for any LCD
    6 00000000         ;
    7 00000000         ; As part of Lab 7, students need to implement these LCD
                       _OutDec and LCD_OutFix
    8 00000000         ; This driver assumes two low-level LCD functions
    9 00000000         ; ST7735_OutChar   outputs a single 8-bit ASCII characte
                       r
   10 00000000         ; ST7735_OutString outputs a null-terminated string 
   11 00000000         
   12 00000000 00000000 
                       remainder
                               EQU              0
   13 00000000         
   14 00000000                 IMPORT           ST7735_OutChar
   15 00000000                 IMPORT           ST7735_OutString
   16 00000000                 EXPORT           LCD_OutDec
   17 00000000                 EXPORT           LCD_OutFix
   18 00000000         
   19 00000000                 AREA             |.text|, CODE, READONLY, ALIGN=
2
   20 00000000                 THUMB
   21 00000000         
   22 00000000         ;-----------------------LCD_OutDec----------------------
                       -
   23 00000000         ; Output a 32-bit number in unsigned decimal format
   24 00000000         ; Input: R0 (call by value) 32-bit unsigned number
   25 00000000         ; Output: none
   26 00000000         ; Invariables: This function must not permanently modify
                        registers R4 to R11
   27 00000000         LCD_OutDec
   28 00000000 B51C            PUSH{R2,         R3, R4, LR}
   29 00000002 B082            SUB              SP, #8
   30 00000004         
   31 00000004 280A            CMP              R0, #10
   32 00000006 D30C            BLO              Print
   33 00000008         
   34 00000008 F04F 030A       MOV              R3, #10
   35 0000000C FBB0 F1F3       UDIV             R1, R0, R3  ;this is for MOD
   36 00000010 FB01 F203       MUL              R2, R1, R3
   37 00000014 EBA0 0202       SUB              R2, R0, R2  ;MOD is in R2
   38 00000018         
   39 00000018 9200            STR              R2, [SP]    ;Stores modulus val
                                                            ue onto the stack p
                                                            ointer.
   40 0000001A 4608            MOV              R0, R1      ;Puts the input bac
                                                            k into R0.
   41 0000001C F7FF FFFE       BL               LCD_OutDec
   42 00000020 9800            LDR              R0, [SP, #remainder] ;Loads the
                                                             value of R0, from 
                                                            the stack.
   43 00000022         
   44 00000022         Print
   45 00000022 F100 0030       ADD              R0, R0, #0x30



ARM Macro Assembler    Page 2 


   46 00000026 F7FF FFFE       BL               ST7735_OutChar
   47 0000002A B002            ADD              SP, #8
   48 0000002C BD1C            POP              {R2, R3, R4, PC}
   49 0000002E         
   50 0000002E 4770            BX               LR
   51 00000030         ;* * * * * * * * End of LCD_OutDec * * * * * * * *
   52 00000030         
   53 00000030         ; -----------------------LCD _OutFix--------------------
                       --
   54 00000030         ; Output characters to LCD display in fixed-point format
                       
   55 00000030         ; unsigned decimal, resolution 0.001, range 0.000 to 9.9
                       99
   56 00000030         ; Inputs:  R0 is an unsigned 32-bit number
   57 00000030         ; Outputs: none
   58 00000030         ; E.g., R0=0,    then output "0.000 "
   59 00000030         ;       R0=3,    then output "0.003 "
   60 00000030         ;       R0=89,   then output "0.089 "
   61 00000030         ;       R0=123,  then output "0.123 "
   62 00000030         ;       R0=9999, then output "9.999 "
   63 00000030         ;       R0>9999, then output "*.*** "
   64 00000030         ; Invariables: This function must not permanently modify
                        registers R4 to R11
   65 00000030         LCD_OutFix
   66 00000030 B510            PUSH{R4,         LR}
   67 00000032         
   68 00000032 F242 710F       MOV              R1, #9999   ;will check to see 
                                                            if value exceeds re
                                                            solution
   69 00000036 4288            CMP              R0, R1
   70 00000038 D842            BHI              astrid
   71 0000003A         
   72 0000003A F240 31E7       MOV              R1, #999    ;will check to see 
                                                            if value requires s
                                                            omething other than
                                                             zero before decima
                                                            l point
   73 0000003E 4288            CMP              R0, R1
   74 00000040 DC28            BGT              Decimal
   75 00000042         
   76 00000042 4604            MOV              R4, R0
   77 00000044 F04F 0030       MOV              R0, #0x30   ;prints leading zer
                                                            o
   78 00000048 F7FF FFFE       BL               ST7735_OutChar
   79 0000004C F04F 002E       MOV              R0, #0x2E   ;prints decimal pt
   80 00000050 F7FF FFFE       BL               ST7735_OutChar
   81 00000054         check                                ;this chunk is used
                                                             as a way to tell h
                                                            ow many
   82 00000054 F04F 0364       MOV              R3, #100    ;zeroes will be inc
                                                            luded in the chunk 
                                                            of digits
   83 00000058 FBB4 F3F3       UDIV             R3, R4, R3  ;following the deci
                                                            mal point
   84 0000005C 2B00            CMP              R3, #0
   85 0000005E D003            BEQ              onezero
   86 00000060 4620            MOV              R0, R4
   87 00000062 F7FF FFFE       BL               LCD_OutDec
   88 00000066 E03F            B                done



ARM Macro Assembler    Page 3 


   89 00000068         
   90 00000068         onezero                              ;this section will 
                                                            print a zero in the
                                                             hundreds place
   91 00000068 F04F 0030       MOV              R0, #0x30
   92 0000006C F7FF FFFE       BL               ST7735_OutChar
   93 00000070 F04F 030A       MOV              R3, #10
   94 00000074 FBB4 F3F3       UDIV             R3, R4, R3
   95 00000078 2B00            CMP              R3, #0      ;checks to see if z
                                                            ero is needed in te
                                                            ns place
   96 0000007A D003            BEQ              twozero
   97 0000007C 4620            MOV              R0, R4
   98 0000007E F7FF FFFE       BL               LCD_OutDec
   99 00000082 E031            B                done
  100 00000084         
  101 00000084         twozero                              ;this section will 
                                                            print a zero in the
                                                             hundreds and tens 
                                                            place
  102 00000084 F04F 0030       MOV              R0, #0x30
  103 00000088 F7FF FFFE       BL               ST7735_OutChar
  104 0000008C 4620            MOV              R0, R4
  105 0000008E F7FF FFFE       BL               LCD_OutDec
  106 00000092 E029            B                done
  107 00000094         
  108 00000094         Decimal                              ;adjusts value for 
                                                            inputs higher than 
                                                            999 but less than 1
                                                            0,000
  109 00000094 4604            MOV              R4, R0
  110 00000096 F44F 717A       MOV              R1, #1000
  111 0000009A FBB0 F2F1       UDIV             R2,R0,R1
  112 0000009E 4613            MOV              R3, R2
  113 000000A0 F102 0030       ADD              R0, R2, #0x30
  114 000000A4 F7FF FFFE       BL               ST7735_OutChar
  115 000000A8 F04F 002E       MOV              R0, #0x2E
  116 000000AC F7FF FFFE       BL               ST7735_OutChar
  117 000000B0         
  118 000000B0         
  119 000000B0 F44F 717A       MOV              R1, #1000   ;Adjusts input to i
                                                            solate digits after
                                                             decimal pt
  120 000000B4 FBB4 F2F1       UDIV             R2,R4,R1
  121 000000B8 FB02 F201       MUL              R2,R2,R1
  122 000000BC 1AA4            SUBS             R4,R4,R2    ;R4 is 0XXX
  123 000000BE E7C9            B                check       ;sends 0XXX to code
                                                             where XXX is displ
                                                            ayed to screen
  124 000000C0         
  125 000000C0         astrid                               ;will print all ast
                                                            erisks for values g
                                                            reater than 9999
  126 000000C0 F04F 002A       MOV              R0, #0x2A
  127 000000C4 F7FF FFFE       BL               ST7735_OutChar
  128 000000C8 F04F 002E       MOV              R0, #0x2E
  129 000000CC F7FF FFFE       BL               ST7735_OutChar
  130 000000D0 F04F 002A       MOV              R0, #0x2A
  131 000000D4 F7FF FFFE       BL               ST7735_OutChar



ARM Macro Assembler    Page 4 


  132 000000D8 F04F 002A       MOV              R0, #0x2A
  133 000000DC F7FF FFFE       BL               ST7735_OutChar
  134 000000E0 F04F 002A       MOV              R0, #0x2A
  135 000000E4 F7FF FFFE       BL               ST7735_OutChar
  136 000000E8         
  137 000000E8         done
  138 000000E8 BD10            POP              {R4, PC}
  139 000000EA 4770            BX               LR
  140 000000EC         
  141 000000EC         
  142 000000EC         ;* * * * * * * * End of LCD_OutFix * * * * * * * *
  143 000000EC         
  144 000000EC                 ALIGN                        ; make sure the end
                                                             of this section is
                                                             aligned
  145 000000EC                 END                          ; end of file
Command Line: --debug --xref --diag_suppress=9931 --cpu=Cortex-M4 --apcs=interw
ork --depend=.\print.d -o.\print.o -I.\RTE\_Lab8 -I"C:\Users\djg99\Documents\EC
E Stuff\ARM\PACK\ARM\CMSIS\5.4.0\CMSIS\Core\Include" -I"C:\Users\djg99\Document
s\ECE Stuff\ARM\PACK\Keil\TM4C_DFP\1.1.0\Device\Include\TM4C123" --predefine="_
_EVAL SETA 1" --predefine="__UVISION_VERSION SETA 526" --predefine="_RTE_ SETA 
1" --predefine="TM4C123GH6PM SETA 1" --list=.\print.lst Print.s



ARM Macro Assembler    Page 1 Alphabetic symbol ordering
Relocatable symbols

.text 00000000

Symbol: .text
   Definitions
      At line 19 in file Print.s
   Uses
      None
Comment: .text unused
Decimal 00000094

Symbol: Decimal
   Definitions
      At line 108 in file Print.s
   Uses
      At line 74 in file Print.s
Comment: Decimal used once
LCD_OutDec 00000000

Symbol: LCD_OutDec
   Definitions
      At line 27 in file Print.s
   Uses
      At line 16 in file Print.s
      At line 41 in file Print.s
      At line 87 in file Print.s
      At line 98 in file Print.s
      At line 105 in file Print.s

LCD_OutFix 00000030

Symbol: LCD_OutFix
   Definitions
      At line 65 in file Print.s
   Uses
      At line 17 in file Print.s
Comment: LCD_OutFix used once
Print 00000022

Symbol: Print
   Definitions
      At line 44 in file Print.s
   Uses
      At line 32 in file Print.s
Comment: Print used once
astrid 000000C0

Symbol: astrid
   Definitions
      At line 125 in file Print.s
   Uses
      At line 70 in file Print.s
Comment: astrid used once
check 00000054

Symbol: check
   Definitions
      At line 81 in file Print.s
   Uses
      At line 123 in file Print.s



ARM Macro Assembler    Page 2 Alphabetic symbol ordering
Relocatable symbols

Comment: check used once
done 000000E8

Symbol: done
   Definitions
      At line 137 in file Print.s
   Uses
      At line 88 in file Print.s
      At line 99 in file Print.s
      At line 106 in file Print.s

onezero 00000068

Symbol: onezero
   Definitions
      At line 90 in file Print.s
   Uses
      At line 85 in file Print.s
Comment: onezero used once
twozero 00000084

Symbol: twozero
   Definitions
      At line 101 in file Print.s
   Uses
      At line 96 in file Print.s
Comment: twozero used once
10 symbols



ARM Macro Assembler    Page 1 Alphabetic symbol ordering
Absolute symbols

remainder 00000000

Symbol: remainder
   Definitions
      At line 12 in file Print.s
   Uses
      At line 42 in file Print.s
Comment: remainder used once
1 symbol



ARM Macro Assembler    Page 1 Alphabetic symbol ordering
External symbols

ST7735_OutChar 00000000

Symbol: ST7735_OutChar
   Definitions
      At line 14 in file Print.s
   Uses
      At line 46 in file Print.s
      At line 78 in file Print.s
      At line 80 in file Print.s
      At line 92 in file Print.s
      At line 103 in file Print.s
      At line 114 in file Print.s
      At line 116 in file Print.s
      At line 127 in file Print.s
      At line 129 in file Print.s
      At line 131 in file Print.s
      At line 133 in file Print.s
      At line 135 in file Print.s

ST7735_OutString 00000000

Symbol: ST7735_OutString
   Definitions
      At line 15 in file Print.s
   Uses
      None
Comment: ST7735_OutString unused
2 symbols
347 symbols in table
